<?xml version="1.0" encoding="UTF-8"?>
<testsuite name="is.ru.StringCalculator.StringCalculatorTest" tests="2" skipped="0" failures="0" errors="0" timestamp="2017-10-12T16:59:26" hostname="DESKTOP-5UDP416" time="0.004">
  <properties/>
  <testcase name="testEmptyStrResultZero" classname="is.ru.StringCalculator.StringCalculatorTest" time="0.003"/>
  <testcase name="testOneNumber" classname="is.ru.StringCalculator.StringCalculatorTest" time="0.001"/>
  <system-out><![CDATA[]]></system-out>
  <system-err><![CDATA[]]></system-err>
</testsuite>
