<?xml version="1.0" encoding="UTF-8"?>
<testsuite name="is.ru.hugb.StringCalculatorTest" tests="1" skipped="0" failures="0" errors="0" timestamp="2017-10-11T13:19:38" hostname="DESKTOP-5UDP416" time="0.003">
  <properties/>
  <testcase name="testEmptyStrResultZero" classname="is.ru.hugb.StringCalculatorTest" time="0.003"/>
  <system-out><![CDATA[]]></system-out>
  <system-err><![CDATA[]]></system-err>
</testsuite>
