<?xml version="1.0" encoding="UTF-8"?>
<testsuite name="is.ru.hugb.StringCalculator.StringCalculatorTest" tests="2" skipped="0" failures="0" errors="0" timestamp="2017-10-12T16:56:14" hostname="DESKTOP-5UDP416" time="0.002">
  <properties/>
  <testcase name="testEmptyStrResultZero" classname="is.ru.hugb.StringCalculator.StringCalculatorTest" time="0.002"/>
  <testcase name="testOneNumber" classname="is.ru.hugb.StringCalculator.StringCalculatorTest" time="0.0"/>
  <system-out><![CDATA[]]></system-out>
  <system-err><![CDATA[]]></system-err>
</testsuite>
